<?xml version="1.0" encoding="UTF-8"?>
<!-- Generated by org.testng.reporters.JUnitXMLReporter -->
<testsuite ignored="0" hostname="DESKTOP-7C1FSTD" failures="0" tests="3" name="Test" time="31.698" errors="0" timestamp="2024-05-04T21:39:57 IST">
  <testcase classname="com.testng.SeleniumGridChrome1" name="test2" time="19.12"/>
  <testcase classname="com.testng.SeleniumGridChrome" name="test1" time="20.859"/>
  <testcase classname="com.testng.SeleniumGridFirefox1" name="test3" time="31.523"/>
</testsuite> <!-- Test -->
