<?xml version="1.0" encoding="UTF-8"?>
<testng-results ignored="0" total="3" passed="3" failed="0" skipped="0">
  <reporter-output>
  </reporter-output>
  <suite started-at="2024-05-04T21:39:25 IST" name="Suite" finished-at="2024-05-04T21:39:57 IST" duration-ms="31698">
    <groups>
    </groups>
    <test started-at="2024-05-04T21:39:25 IST" name="Test" finished-at="2024-05-04T21:39:57 IST" duration-ms="31698">
      <class name="com.testng.SeleniumGridChrome1">
        <test-method signature="test2()[pri:0, instance:com.testng.SeleniumGridChrome1@7ce026d3]" started-at="2024-05-04T21:39:25 IST" name="test2" finished-at="2024-05-04T21:39:44 IST" duration-ms="19120" status="PASS">
          <reporter-output>
          </reporter-output>
        </test-method> <!-- test2 -->
      </class> <!-- com.testng.SeleniumGridChrome1 -->
      <class name="com.testng.SeleniumGridFirefox1">
        <test-method signature="test3()[pri:0, instance:com.testng.SeleniumGridFirefox1@5b218417]" started-at="2024-05-04T21:39:25 IST" name="test3" finished-at="2024-05-04T21:39:57 IST" duration-ms="31523" status="PASS">
          <reporter-output>
          </reporter-output>
        </test-method> <!-- test3 -->
      </class> <!-- com.testng.SeleniumGridFirefox1 -->
      <class name="com.testng.SeleniumGridChrome">
        <test-method signature="test1()[pri:0, instance:com.testng.SeleniumGridChrome@7ce69770]" started-at="2024-05-04T21:39:25 IST" name="test1" finished-at="2024-05-04T21:39:46 IST" duration-ms="20859" status="PASS">
          <reporter-output>
          </reporter-output>
        </test-method> <!-- test1 -->
      </class> <!-- com.testng.SeleniumGridChrome -->
    </test> <!-- Test -->
  </suite> <!-- Suite -->
</testng-results>
